<?xml version="1.0" encoding="UTF-8"?>
<testsuite name="RatingsTest" tests="19" skipped="0" failures="0" errors="0" timestamp="2025-05-17T13:05:49" hostname="DESKTOP-83HM7I3" time="0.017">
  <properties/>
  <testcase name="testSize()" classname="RatingsTest" time="0.001"/>
  <testcase name="testGetMovieAverageRatingNeg()" classname="RatingsTest" time="0.001"/>
  <testcase name="testGetMovieAverageRatingPos()" classname="RatingsTest" time="0.002"/>
  <testcase name="testGetMostRatedUsersNeg()" classname="RatingsTest" time="0.002"/>
  <testcase name="testGetMostRatedUsersPos()" classname="RatingsTest" time="0.0"/>
  <testcase name="testGetUserRatingsNeg()" classname="RatingsTest" time="0.0"/>
  <testcase name="testGetUserRatingsPos()" classname="RatingsTest" time="0.001"/>
  <testcase name="testGetUserAverageRatingNeg()" classname="RatingsTest" time="0.001"/>
  <testcase name="testGetUserAverageRatingPos()" classname="RatingsTest" time="0.0"/>
  <testcase name="testGetTopAverageRatedMoviesNeg()" classname="RatingsTest" time="0.003"/>
  <testcase name="testGetTopAverageRatedMoviesPos()" classname="RatingsTest" time="0.001"/>
  <testcase name="testAddNeg()" classname="RatingsTest" time="0.0"/>
  <testcase name="testAddPos()" classname="RatingsTest" time="0.001"/>
  <testcase name="testSetAdd()" classname="RatingsTest" time="0.0"/>
  <testcase name="testSetPos()" classname="RatingsTest" time="0.0"/>
  <testcase name="testRemoveNeg()" classname="RatingsTest" time="0.0"/>
  <testcase name="testRemovePos()" classname="RatingsTest" time="0.0"/>
  <testcase name="testGetMovieRatingsNeg()" classname="RatingsTest" time="0.0"/>
  <testcase name="testGetMovieRatingsPos()" classname="RatingsTest" time="0.0"/>
  <system-out><![CDATA[
Starting testGetMovieAverageRatingsNeg...

Starting testGetMovieAverageRatings Pos ...

Starting testGetMostRatedUsers ...

Starting testGetMostRatedUsersPos...

Starting testGetUserRatingsNeg...

Starting testGetUserRatingsPos...
0.1
1.1
2.1
3.1
4.1

Starting testGetUserAverageRatingsNeg...

Starting testGetUserAverageRatings Pos ...

StartingGetTopAverageMoviesUsers ...

Starting testGetTopAverageMoviesPos...

Starting testAddNeg...

Starting testAddPos...

Starting testSetAdd...

Starting testSetPos...

Starting testRemoveNeg...

Starting testRemovePos...

Starting testGetMovieRatingsNeg...

Starting testGetMovieRatingsPos...
1.0
2.2
1.3
4.4
3.5
]]></system-out>
  <system-err><![CDATA[]]></system-err>
</testsuite>
